<?xml version="1.0" encoding="UTF-8"?>
<robot generator="Robot 3.2.1 (Python 3.7.4 on win32)" generated="20200828 02:37:43.030" rpa="false">
<suite id="s1" name="TC001 get request" source="D:\office_project\Robot_API_Automation\TC001_get_request.robot">
<test id="s1-t1" name="TC001_variable_dec">
<kw name="Log To Console" library="BuiltIn">
<doc>Logs the given message to the console.</doc>
<arguments>
<arg>${Application_url}</arg>
</arguments>
<status status="PASS" starttime="20200828 02:37:43.461" endtime="20200828 02:37:43.464"></status>
</kw>
<kw name="Set Variable" library="BuiltIn">
<doc>Returns the given values which can then be assigned to a variables.</doc>
<arguments>
<arg>hello</arg>
</arguments>
<assign>
<var>${url}</var>
</assign>
<msg timestamp="20200828 02:37:43.491" level="INFO">${url} = hello</msg>
<status status="PASS" starttime="20200828 02:37:43.489" endtime="20200828 02:37:43.492"></status>
</kw>
<kw name="Log To Console" library="BuiltIn">
<doc>Logs the given message to the console.</doc>
<arguments>
<arg>${url}</arg>
</arguments>
<status status="PASS" starttime="20200828 02:37:43.516" endtime="20200828 02:37:43.518"></status>
</kw>
<status status="PASS" starttime="20200828 02:37:43.445" endtime="20200828 02:37:43.519" critical="yes"></status>
</test>
<status status="PASS" starttime="20200828 02:37:43.062" endtime="20200828 02:37:43.523"></status>
</suite>
<statistics>
<total>
<stat pass="1" fail="0">Critical Tests</stat>
<stat pass="1" fail="0">All Tests</stat>
</total>
<tag>
</tag>
<suite>
<stat pass="1" fail="0" id="s1" name="TC001 get request">TC001 get request</stat>
</suite>
</statistics>
<errors>
<msg timestamp="20200828 02:37:43.307" level="ERROR">Error in file 'D:\office_project\Robot_API_Automation\TC001_get_request.robot' on line 3: Library setting requires value.</msg>
<msg timestamp="20200828 02:37:43.382" level="ERROR">Error in file 'D:\office_project\Robot_API_Automation\TC001_get_request.robot' on line 4: Importing test library 'requestslibrary' failed: ModuleNotFoundError: No module named 'requestslibrary'
Traceback (most recent call last):
  None
PYTHONPATH:
  C:\Users\Dinesh Rao\Anaconda3\Scripts\robot.exe
  c:\users\dinesh rao\anaconda3\python37.zip
  c:\users\dinesh rao\anaconda3\DLLs
  c:\users\dinesh rao\anaconda3\lib
  c:\users\dinesh rao\anaconda3
  c:\users\dinesh rao\anaconda3\lib\site-packages
  c:\users\dinesh rao\anaconda3\lib\site-packages\win32
  c:\users\dinesh rao\anaconda3\lib\site-packages\win32\lib
  c:\users\dinesh rao\anaconda3\lib\site-packages\Pythonwin</msg>
</errors>
</robot>
